[INFO] 2025-10-09 14:11:52 - ========== NUEVA EJECUCION ==========
2025/10/09 14:11:52 [INFO] 2025-10-09 14:11:52 - ========== NUEVA EJECUCION ==========
[INFO] 2025-10-09 14:11:52 - Iniciando relevamiento...
2025/10/09 14:11:52 [INFO] 2025-10-09 14:11:52 - Iniciando relevamiento...
[ERROR] 2025-10-09 14:12:03 - Piso vacio
2025/10/09 14:12:03 [ERROR] 2025-10-09 14:12:03 - Piso vacio
2025/10/09 14:12:03 [ERROR] El piso es obligatorio
[INFO] 2025-10-09 14:12:07 - ========== NUEVA EJECUCION ==========
2025/10/09 14:12:07 [INFO] 2025-10-09 14:12:07 - ========== NUEVA EJECUCION ==========
[INFO] 2025-10-09 14:12:07 - Iniciando relevamiento...
2025/10/09 14:12:07 [INFO] 2025-10-09 14:12:07 - Iniciando relevamiento...
[INFO] 2025-10-09 14:12:45 - Configuracion guardada: Piso 2 - Tribunal de cuentas
2025/10/09 14:12:45 [INFO] 2025-10-09 14:12:45 - Configuracion guardada: Piso 2 - Tribunal de cuentas
[INFO] 2025-10-09 14:15:56 - ========== NUEVA EJECUCION ==========
2025/10/09 14:15:56 [INFO] 2025-10-09 14:15:56 - ========== NUEVA EJECUCION ==========
[INFO] 2025-10-09 14:15:56 - Iniciando relevamiento...
2025/10/09 14:15:56 [INFO] 2025-10-09 14:15:56 - Iniciando relevamiento...
[INFO] 2025-10-09 14:16:14 - Configuracion guardada: Piso 0 - Tribunal de cuentas
2025/10/09 14:16:14 [INFO] 2025-10-09 14:16:14 - Configuracion guardada: Piso 0 - Tribunal de cuentas
[INFO] 2025-10-09 14:17:05 - ========== NUEVA EJECUCION ==========
2025/10/09 14:17:05 [INFO] 2025-10-09 14:17:05 - ========== NUEVA EJECUCION ==========
[INFO] 2025-10-09 14:17:05 - Iniciando relevamiento...
2025/10/09 14:17:05 [INFO] 2025-10-09 14:17:05 - Iniciando relevamiento...
[INFO] 2025-10-09 14:17:06 - Conexion a DB exitosa
2025/10/09 14:17:06 [INFO] 2025-10-09 14:17:06 - Conexion a DB exitosa
[INFO] 2025-10-09 14:17:06 - Computer Name: DGS-PC-SIS-50
2025/10/09 14:17:06 [INFO] 2025-10-09 14:17:06 - Computer Name: DGS-PC-SIS-50
[INFO] 2025-10-09 14:17:07 - MAC detectada: 48-9E-BD-4E-4F-41
2025/10/09 14:17:07 [INFO] 2025-10-09 14:17:07 - MAC detectada: 48-9E-BD-4E-4F-41
[INFO] 2025-10-09 14:17:07 - IP detectada: 172.24.3.22
2025/10/09 14:17:07 [INFO] 2025-10-09 14:17:07 - IP detectada: 172.24.3.22
[INFO] 2025-10-09 14:17:08 - Dominio: mec.local
2025/10/09 14:17:08 [INFO] 2025-10-09 14:17:08 - Dominio: mec.local
[INFO] 2025-10-09 14:17:08 - Registro exitoso - ID: 125
2025/10/09 14:17:08 [INFO] 2025-10-09 14:17:08 - Registro exitoso - ID: 125
[INFO] 2025-10-09 14:17:29 - ========== NUEVA EJECUCION ==========
2025/10/09 14:17:29 [INFO] 2025-10-09 14:17:29 - ========== NUEVA EJECUCION ==========
[INFO] 2025-10-09 14:17:29 - Iniciando relevamiento...
2025/10/09 14:17:29 [INFO] 2025-10-09 14:17:29 - Iniciando relevamiento...
[INFO] 2025-10-09 14:17:41 - Configuracion guardada: Piso 2 - Tribunal de cuentas
2025/10/09 14:17:41 [INFO] 2025-10-09 14:17:41 - Configuracion guardada: Piso 2 - Tribunal de cuentas
[INFO] 2025-10-09 14:22:37 - ========== NUEVA EJECUCION ==========
2025/10/09 14:22:37 [INFO] 2025-10-09 14:22:37 - ========== NUEVA EJECUCION ==========
[INFO] 2025-10-09 14:22:37 - Iniciando relevamiento...
2025/10/09 14:22:37 [INFO] 2025-10-09 14:22:37 - Iniciando relevamiento...
[INFO] 2025-10-09 14:22:51 - Configuracion guardada: Piso 2 - Tribunal de cuentas
2025/10/09 14:22:51 [INFO] 2025-10-09 14:22:51 - Configuracion guardada: Piso 2 - Tribunal de cuentas
[INFO] 2025-10-09 14:22:59 - ========== NUEVA EJECUCION ==========
2025/10/09 14:22:59 [INFO] 2025-10-09 14:22:59 - ========== NUEVA EJECUCION ==========
[INFO] 2025-10-09 14:22:59 - Iniciando relevamiento...
2025/10/09 14:22:59 [INFO] 2025-10-09 14:22:59 - Iniciando relevamiento...
[INFO] 2025-10-09 14:23:00 - Conexion a DB exitosa
2025/10/09 14:23:00 [INFO] 2025-10-09 14:23:00 - Conexion a DB exitosa
[INFO] 2025-10-09 14:23:00 - Computer Name: DGS-PC-SIS-50
2025/10/09 14:23:00 [INFO] 2025-10-09 14:23:00 - Computer Name: DGS-PC-SIS-50
[INFO] 2025-10-09 14:23:01 - MAC detectada: 48-9E-BD-4E-4F-41
2025/10/09 14:23:01 [INFO] 2025-10-09 14:23:01 - MAC detectada: 48-9E-BD-4E-4F-41
[INFO] 2025-10-09 14:23:01 - IP detectada: 172.24.3.22
2025/10/09 14:23:01 [INFO] 2025-10-09 14:23:01 - IP detectada: 172.24.3.22
[INFO] 2025-10-09 14:23:01 - Dominio: mec.local
2025/10/09 14:23:01 [INFO] 2025-10-09 14:23:01 - Dominio: mec.local
[INFO] 2025-10-09 14:23:02 - Registro exitoso - ID: 126
2025/10/09 14:23:02 [INFO] 2025-10-09 14:23:02 - Registro exitoso - ID: 126
[INFO] 2025-10-09 16:35:07 - ========== NUEVA EJECUCION ==========
2025/10/09 16:35:07 [INFO] 2025-10-09 16:35:07 - ========== NUEVA EJECUCION ==========
[INFO] 2025-10-09 16:35:07 - Iniciando relevamiento...
2025/10/09 16:35:07 [INFO] 2025-10-09 16:35:07 - Iniciando relevamiento...
[INFO] 2025-10-09 16:35:21 - Configuracion guardada: Piso 2 - Tribunal de cuentas
2025/10/09 16:35:21 [INFO] 2025-10-09 16:35:21 - Configuracion guardada: Piso 2 - Tribunal de cuentas
[INFO] 2025-10-09 16:35:26 - ========== NUEVA EJECUCION ==========
2025/10/09 16:35:26 [INFO] 2025-10-09 16:35:26 - ========== NUEVA EJECUCION ==========
[INFO] 2025-10-09 16:35:26 - Iniciando relevamiento...
2025/10/09 16:35:26 [INFO] 2025-10-09 16:35:26 - Iniciando relevamiento...
[INFO] 2025-10-09 16:35:28 - Conexion a DB exitosa
2025/10/09 16:35:28 [INFO] 2025-10-09 16:35:28 - Conexion a DB exitosa
[INFO] 2025-10-09 16:35:28 - Computer Name: DGS-PC-SIS-50
2025/10/09 16:35:28 [INFO] 2025-10-09 16:35:28 - Computer Name: DGS-PC-SIS-50
[INFO] 2025-10-09 16:35:29 - MAC detectada: 48-9E-BD-4E-4F-41
2025/10/09 16:35:29 [INFO] 2025-10-09 16:35:29 - MAC detectada: 48-9E-BD-4E-4F-41
[INFO] 2025-10-09 16:35:29 - IP detectada: 172.24.3.22
2025/10/09 16:35:29 [INFO] 2025-10-09 16:35:29 - IP detectada: 172.24.3.22
[INFO] 2025-10-09 16:35:29 - Dominio: mec.local
2025/10/09 16:35:29 [INFO] 2025-10-09 16:35:29 - Dominio: mec.local
[INFO] 2025-10-09 16:35:29 - Registro exitoso - ID: 127
2025/10/09 16:35:29 [INFO] 2025-10-09 16:35:29 - Registro exitoso - ID: 127
